<?xml version="1.0" encoding="UTF-8"?>
<!-- Generated by org.testng.reporters.JUnitReportReporter -->
<testsuite skipped="0" hostname="LAPTOP-NLHU7H1D" name="com.testng.HalfEbayTest" tests="5" failures="0" timestamp="02 Feb 2019 08:52:03 GMT" time="198.362" errors="0">
  <testcase name="halfEbayRegTest" time="37.499" classname="com.testng.HalfEbayTest"/>
  <testcase name="halfEbayRegTest" time="37.019" classname="com.testng.HalfEbayTest"/>
  <testcase name="halfEbayRegTest" time="42.965" classname="com.testng.HalfEbayTest"/>
  <testcase name="halfEbayRegTest" time="40.947" classname="com.testng.HalfEbayTest"/>
  <testcase name="halfEbayRegTest" time="39.932" classname="com.testng.HalfEbayTest"/>
</testsuite> <!-- com.testng.HalfEbayTest -->
