<?xml version="1.0" encoding="UTF-8"?>
<!-- Generated by org.testng.reporters.JUnitReportReporter -->
<testsuite skipped="0" hostname="LAPTOP-NLHU7H1D" name="com.selenium.mukesh.WindowHandle" tests="1" failures="0" timestamp="23 Mar 2019 06:26:35 GMT" time="17.292" errors="0">
  <testcase name="windowHandle" time="17.292" classname="com.selenium.mukesh.WindowHandle"/>
</testsuite> <!-- com.selenium.mukesh.WindowHandle -->
