<?xml version="1.0" encoding="UTF-8"?>
<!-- Generated by org.testng.reporters.JUnitReportReporter -->
<testsuite skipped="0" hostname="LAPTOP-NLHU7H1D" name="com.testng.ParameterTest2" tests="1" failures="0" timestamp="01 Feb 2019 17:43:21 GMT" time="63.985" errors="0">
  <testcase name="facebookLogin" time="63.985" classname="com.testng.ParameterTest2"/>
</testsuite> <!-- com.testng.ParameterTest2 -->
