<?xml version="1.0" encoding="UTF-8"?>
<!-- Generated by org.testng.reporters.JUnitReportReporter -->
<testsuite skipped="0" hostname="LAPTOP-NLHU7H1D" name="com.seleniumPractice2.DatePicker" tests="1" failures="0" timestamp="29 May 2019 18:21:22 GMT" time="7.033" errors="0">
  <testcase name="dateTimePicker" time="7.033" classname="com.seleniumPractice2.DatePicker"/>
</testsuite> <!-- com.seleniumPractice2.DatePicker -->
