<?xml version="1.0" encoding="UTF-8"?>
<!-- Generated by org.testng.reporters.JUnitReportReporter -->
<testsuite skipped="0" hostname="LAPTOP-NLHU7H1D" name="com.testng.ParameterTest" tests="1" failures="0" timestamp="01 Feb 2019 17:54:55 GMT" time="98.411" errors="0">
  <testcase name="facebookLogin" time="98.411" classname="com.testng.ParameterTest"/>
</testsuite> <!-- com.testng.ParameterTest -->
