<?xml version="1.0" encoding="UTF-8"?>
<!-- Generated by org.testng.reporters.JUnitReportReporter -->
<testsuite skipped="0" hostname="LAPTOP-NLHU7H1D" name="com.seleniumPractice2.MapwithDataProvider" tests="3" failures="0" timestamp="29 Jan 2019 09:00:07 GMT" time="0.041" errors="0">
  <testcase name="Test" time="0.005" classname="com.seleniumPractice2.MapwithDataProvider"/>
  <testcase name="Test" time="0.001" classname="com.seleniumPractice2.MapwithDataProvider"/>
  <testcase name="Test" time="0.035" classname="com.seleniumPractice2.MapwithDataProvider"/>
</testsuite> <!-- com.seleniumPractice2.MapwithDataProvider -->
