<?xml version="1.0" encoding="UTF-8"?>
<!-- Generated by org.testng.reporters.JUnitReportReporter -->
<testsuite skipped="0" hostname="LAPTOP-NLHU7H1D" name="com.testng.InvocationCount" tests="10" failures="0" timestamp="31 Jan 2019 17:01:35 GMT" time="0.024" errors="0">
  <testcase name="sum" time="0.001" classname="com.testng.InvocationCount"/>
  <testcase name="sum" time="0.012" classname="com.testng.InvocationCount"/>
  <testcase name="sum" time="0.001" classname="com.testng.InvocationCount"/>
  <testcase name="sum" time="0.003" classname="com.testng.InvocationCount"/>
  <testcase name="sum" time="0.001" classname="com.testng.InvocationCount"/>
  <testcase name="sum" time="0.002" classname="com.testng.InvocationCount"/>
  <testcase name="sum" time="0.001" classname="com.testng.InvocationCount"/>
  <testcase name="sum" time="0.001" classname="com.testng.InvocationCount"/>
  <testcase name="sum" time="0.001" classname="com.testng.InvocationCount"/>
  <testcase name="sum" time="0.001" classname="com.testng.InvocationCount"/>
</testsuite> <!-- com.testng.InvocationCount -->
