<?xml version="1.0" encoding="UTF-8"?>
<!-- Generated by org.testng.reporters.JUnitReportReporter -->
<testsuite skipped="0" hostname="LAPTOP-NLHU7H1D" name="com.seleniumPractice2.ScrollPage" tests="1" failures="0" timestamp="17 Mar 2019 15:47:15 GMT" time="47.919" errors="0">
  <testcase name="ByVisibleElement" time="47.919" classname="com.seleniumPractice2.ScrollPage"/>
</testsuite> <!-- com.seleniumPractice2.ScrollPage -->
