<?xml version="1.0" encoding="UTF-8"?>
<!-- Generated by org.testng.reporters.JUnitReportReporter -->
<testsuite skipped="0" hostname="LAPTOP-NLHU7H1D" name="com.seleniumPractice2.OpenNewTab" tests="1" failures="0" timestamp="18 Jun 2019 09:11:52 GMT" time="26.374" errors="0">
  <testcase name="autoSuggest" time="26.374" classname="com.seleniumPractice2.OpenNewTab"/>
</testsuite> <!-- com.seleniumPractice2.OpenNewTab -->
