<?xml version="1.0" encoding="UTF-8"?>
<!-- Generated by org.testng.reporters.JUnitReportReporter -->
<testsuite skipped="0" hostname="LAPTOP-NLHU7H1D" name="com.testng.TestNgBasics" tests="3" failures="0" timestamp="30 Jan 2019 17:36:03 GMT" time="0.011" errors="0">
  <testcase name="googleTitleTest" time="0.006" classname="com.testng.TestNgBasics"/>
  <testcase name="searchTest" time="0.002" classname="com.testng.TestNgBasics"/>
  <testcase name="logoTest" time="0.003" classname="com.testng.TestNgBasics"/>
</testsuite> <!-- com.testng.TestNgBasics -->
