<?xml version="1.0" encoding="UTF-8"?>
<!-- Generated by org.testng.reporters.JUnitReportReporter -->
<testsuite skipped="0" hostname="LAPTOP-NLHU7H1D" name="com.crm.qa.testcases.HomePageTest" tests="1" failures="0" timestamp="21 Nov 2018 13:30:38 GMT" time="33.771" errors="0">
  <testcase name="verifyHomePageTitleTest" time="33.771" classname="com.crm.qa.testcases.HomePageTest"/>
</testsuite> <!-- com.crm.qa.testcases.HomePageTest -->
