<?xml version="1.0" encoding="UTF-8"?>
<!-- Generated by org.testng.reporters.JUnitReportReporter -->
<testsuite skipped="0" hostname="LAPTOP-NLHU7H1D" name="com.selenium.mukesh.ScrollIntoView" tests="1" failures="0" timestamp="21 Mar 2019 16:09:52 GMT" time="8.717" errors="0">
  <testcase name="BootstrapDD" time="8.717" classname="com.selenium.mukesh.ScrollIntoView"/>
</testsuite> <!-- com.selenium.mukesh.ScrollIntoView -->
