<?xml version="1.0" encoding="UTF-8"?>
<!-- Generated by org.testng.reporters.JUnitReportReporter -->
<testsuite skipped="0" hostname="LAPTOP-NLHU7H1D" name="com.testng.ExceptionTimeOutTest" tests="1" failures="0" timestamp="31 Jan 2019 17:16:09 GMT" time="0.015" errors="0">
  <testcase name="registrationPage" time="0.015" classname="com.testng.ExceptionTimeOutTest"/>
</testsuite> <!-- com.testng.ExceptionTimeOutTest -->
