<?xml version="1.0" encoding="UTF-8"?>
<!-- Generated by org.testng.reporters.JUnitReportReporter -->
<testsuite skipped="0" hostname="LAPTOP-NLHU7H1D" name="com.selenium.mukesh.WindowHandle2" tests="1" failures="0" timestamp="23 Mar 2019 06:25:54 GMT" time="19.352" errors="0">
  <testcase name="windowHandle" time="19.352" classname="com.selenium.mukesh.WindowHandle2"/>
</testsuite> <!-- com.selenium.mukesh.WindowHandle2 -->
