<?xml version="1.0" encoding="UTF-8"?>
<!-- Generated by org.testng.reporters.JUnitReportReporter -->
<testsuite skipped="0" hostname="LAPTOP-NLHU7H1D" name="com.testng.TestNGGroups" tests="1" failures="0" timestamp="31 Jan 2019 17:58:54 GMT" time="0.001" errors="0">
  <testcase name="googleTitleTest" time="0.001" classname="com.testng.TestNGGroups"/>
</testsuite> <!-- com.testng.TestNGGroups -->
