<?xml version="1.0" encoding="UTF-8"?>
<!-- Generated by org.testng.reporters.JUnitReportReporter -->
<testsuite skipped="0" hostname="LAPTOP-NLHU7H1D" name="com.seleniumPractice2.KeyboardOperations" tests="1" failures="0" timestamp="29 May 2019 15:41:12 GMT" time="9.535" errors="0">
  <testcase name="keyboardOperations" time="9.535" classname="com.seleniumPractice2.KeyboardOperations"/>
</testsuite> <!-- com.seleniumPractice2.KeyboardOperations -->
